<?xml version="1.0" encoding="UTF-8"?>
<testng-results skipped="0" failed="0" total="1" passed="1">
  <reporter-output>
  </reporter-output>
  <suite name="Default suite" duration-ms="23698" started-at="2021-04-25T19:11:35Z" finished-at="2021-04-25T19:11:59Z">
    <groups>
      <group name="cucumber">
        <method signature="AbstractTestNGCucumberTests.runScenario(io.cucumber.testng.PickleWrapper, io.cucumber.testng.FeatureWrapper)[pri:0, instance:runner.GuardianRunner@4e9ba398]" name="runScenario" class="io.cucumber.testng.AbstractTestNGCucumberTests"/>
      </group> <!-- cucumber -->
    </groups>
    <test name="Default test" duration-ms="23698" started-at="2021-04-25T19:11:35Z" finished-at="2021-04-25T19:11:59Z">
      <class name="runner.GuardianRunner">
        <test-method status="PASS" signature="setUpClass()[pri:0, instance:runner.GuardianRunner@4e9ba398]" name="setUpClass" is-config="true" duration-ms="845" started-at="2021-04-26T00:41:35Z" finished-at="2021-04-26T00:41:36Z">
          <reporter-output>
          </reporter-output>
        </test-method> <!-- setUpClass -->
        <test-method status="PASS" signature="runScenario(io.cucumber.testng.PickleWrapper, io.cucumber.testng.FeatureWrapper)[pri:0, instance:runner.GuardianRunner@4e9ba398]" name="runScenario" duration-ms="21140" started-at="2021-04-26T00:41:36Z" description="Runs Cucumber Scenarios" data-provider="scenarios" finished-at="2021-04-26T00:41:57Z">
          <params>
            <param index="0">
              <value>
                <![CDATA[""]]>
              </value>
            </param>
            <param index="1">
              <value>
                <![CDATA["Optional[Check the First Story of The Guardian]"]]>
              </value>
            </param>
          </params>
          <reporter-output>
          </reporter-output>
        </test-method> <!-- runScenario -->
        <test-method status="PASS" signature="tearDownClass()[pri:0, instance:runner.GuardianRunner@4e9ba398]" name="tearDownClass" is-config="true" duration-ms="1680" started-at="2021-04-26T00:41:57Z" finished-at="2021-04-26T00:41:59Z">
          <reporter-output>
          </reporter-output>
        </test-method> <!-- tearDownClass -->
      </class> <!-- runner.GuardianRunner -->
    </test> <!-- Default test -->
  </suite> <!-- Default suite -->
</testng-results>
